<?xml version="1.0" encoding="UTF-8"?>
<!-- Generated by org.testng.reporters.JUnitReportReporter -->
<testsuite hostname="DESKTOP-I1MH8RV" name="com.gmail.olevskyih.Selenium4TestNG" tests="1" failures="0" timestamp="17 Jan 2021 20:23:59 GMT" time="23.419" errors="0">
  <testcase name="runTest" time="23.419" classname="com.gmail.olevskyih.Selenium4TestNG"/>
</testsuite> <!-- com.gmail.olevskyih.Selenium4TestNG -->
