<?xml version="1.0" encoding="UTF-8"?>
<!-- Generated by org.testng.reporters.JUnitReportReporter -->
<testsuite hostname="DESKTOP-I1MH8RV" name="listeners.TestNGListenersDemo2" tests="3" failures="0" timestamp="23 Jan 2021 16:36:16 GMT" time="0.044" errors="0">
  <testcase name="testFive" time="0.013" classname="listeners.TestNGListenersDemo2"/>
  <testcase name="testFour" time="0.016" classname="listeners.TestNGListenersDemo2"/>
  <testcase name="testSix" time="0.015" classname="listeners.TestNGListenersDemo2"/>
</testsuite> <!-- listeners.TestNGListenersDemo2 -->
