<?xml version="1.0" encoding="UTF-8"?>
<!-- Generated by org.testng.reporters.JUnitReportReporter -->
<testsuite hostname="DESKTOP-I1MH8RV" name="com.gmail.olevskyih.ExtentReportTestNG" tests="1" failures="0" timestamp="3 Jan 2021 19:43:42 GMT" time="15.688" errors="0">
  <testcase name="testOne" time="15.688" classname="com.gmail.olevskyih.ExtentReportTestNG"/>
</testsuite> <!-- com.gmail.olevskyih.ExtentReportTestNG -->
