<?xml version="1.0" encoding="UTF-8"?>
<!-- Generated by org.testng.reporters.JUnitReportReporter -->
<testsuite skipped="1" hostname="DESKTOP-I1MH8RV" name="com.gmail.olevskyih.TestNGIgnoreDemo" tests="2" failures="0" timestamp="2021-01-30T20:51:29 CET" time="0.031" errors="0">
  <testcase name="testTwo" time="0.031" classname="com.gmail.olevskyih.TestNGIgnoreDemo"/>
  <system-out/>
  <testcase name="testOne" classname="com.gmail.olevskyih.TestNGIgnoreDemo">
    <skipped/>
  </testcase> <!-- testOne -->
  <system-out/>
</testsuite> <!-- com.gmail.olevskyih.TestNGIgnoreDemo -->
