<?xml version="1.0" encoding="UTF-8"?>
<!-- Generated by org.testng.reporters.JUnitReportReporter -->
<testsuite hostname="DESKTOP-I1MH8RV" name="com.gmail.olevskyih.TestNGDependenciesDemo" tests="3" failures="0" timestamp="30 Jan 2021 19:44:29 GMT" time="0.066" errors="0">
  <testcase name="testTwo" time="0.013" classname="com.gmail.olevskyih.TestNGDependenciesDemo"/>
  <testcase name="testThree" time="0.046" classname="com.gmail.olevskyih.TestNGDependenciesDemo"/>
  <testcase name="testOne" time="0.007" classname="com.gmail.olevskyih.TestNGDependenciesDemo"/>
</testsuite> <!-- com.gmail.olevskyih.TestNGDependenciesDemo -->
