<?xml version="1.0" encoding="UTF-8"?>
<!-- Generated by org.testng.reporters.JUnitReportReporter -->
<testsuite hostname="DESKTOP-I1MH8RV" name="listeners.TestNGListenersDemo" tests="3" failures="0" timestamp="23 Jan 2021 16:53:45 GMT" time="0.095" errors="0">
  <testcase name="testThree" time="0.051" classname="listeners.TestNGListenersDemo"/>
  <testcase name="testTwo" time="0.037" classname="listeners.TestNGListenersDemo"/>
  <testcase name="testOne" time="0.007" classname="listeners.TestNGListenersDemo"/>
</testsuite> <!-- listeners.TestNGListenersDemo -->
