<?xml version="1.0" encoding="UTF-8"?>
<!-- Generated by org.testng.reporters.JUnitReportReporter -->
<testsuite hostname="DESKTOP-I1MH8RV" name="com.gmail.olevskyih.TestNGMultiBrowserDemo" tests="2" failures="0" timestamp="23 Jan 2021 19:39:01 GMT" time="22.132" errors="0">
  <testcase name="testOne" time="10.867" classname="com.gmail.olevskyih.TestNGMultiBrowserDemo"/>
  <testcase name="testOne" time="11.265" classname="com.gmail.olevskyih.TestNGMultiBrowserDemo"/>
</testsuite> <!-- com.gmail.olevskyih.TestNGMultiBrowserDemo -->
