<?xml version="1.0" encoding="UTF-8"?>
<!-- Generated by org.testng.reporters.JUnitReportReporter -->
<testsuite hostname="DESKTOP-I1MH8RV" name="com.gmail.olevskyih.TestNGGroupsDemo" tests="1" failures="0" timestamp="24 Jan 2021 19:04:08 GMT" time="0.052" errors="0">
  <testcase name="testThree" time="0.052" classname="com.gmail.olevskyih.TestNGGroupsDemo"/>
</testsuite> <!-- com.gmail.olevskyih.TestNGGroupsDemo -->
